Source path:... C:\Users\User\Documents\EXO\cas_pratique\py-traducteur_mika\web_traducteur\src\vue\traducteur_app.py
Starting var:.. self = <vue.traducteur_app.TraducteurApp object at 0x0000018F2429E650>
12:21:48.480996 call       156     def add_chat(self):
12:21:48.482004 line       162         url = f"{self.URL_TRADUCTIONS}{st.session_state.logged_in}"
New var:....... url = 'http://127.0.0.1:8080/traductions/auteur/1'
12:21:48.482004 line       163         chat = requests.get(url)
New var:....... chat = <Response [200]>
12:21:48.496630 line       165         if chat.status_code == 200:
12:21:48.497658 line       166             chat_messages = chat.json()
New var:....... chat_messages = [{'atraduire': "Premièrement, tu ôteras la Goupi...oods.', 'version': 'fr >> en', 'utilisateur': 1}]
12:21:48.498239 line       167             counter = 0
New var:....... counter = 0
12:21:48.499279 line       169             for prompt in chat_messages:
New var:....... prompt = {'atraduire': "Premièrement, tu ôteras la Goupil... less.", 'version': 'fr >> en', 'utilisateur': 1}
12:21:48.499803 line       170                 counter += 1
Modified var:.. counter = 1
12:21:48.500880 line       172                 message(f"U S E R :{prompt['atraduire']}", key=f"user_message_{counter}")
12:21:49.206246 line       173                 message(f" G P T :{prompt['traduction']}", key=f"bot_message_{counter}")
12:21:49.208253 line       169             for prompt in chat_messages:
Modified var:.. prompt = {'atraduire': 'Chevaliers qui dites ni, nous ne ...woods.', 'version': 'fr >> en', 'utilisateur': 1}
12:21:49.208253 line       170                 counter += 1
Modified var:.. counter = 2
12:21:49.209254 line       172                 message(f"U S E R :{prompt['atraduire']}", key=f"user_message_{counter}")
12:21:49.211252 line       173                 message(f" G P T :{prompt['traduction']}", key=f"bot_message_{counter}")
12:21:49.212449 line       169             for prompt in chat_messages:
12:21:49.213447 line       176                st.error(f"Erreur : {chat.status_code}")
12:21:49.213447 return     176                st.error(f"Erreur : {chat.status_code}")
Return value:.. None
Elapsed time: 00:00:00.734451
Starting var:.. self = <vue.traducteur_app.TraducteurApp object at 0x0000018F434A20B0>
12:21:51.701433 call       156     def add_chat(self):
12:21:51.701939 line       162         url = f"{self.URL_TRADUCTIONS}{st.session_state.logged_in}"
New var:....... url = 'http://127.0.0.1:8080/traductions/auteur/1'
12:21:51.702946 line       163         chat = requests.get(url)
New var:....... chat = <Response [200]>
12:21:51.719843 line       165         if chat.status_code == 200:
12:21:51.720868 line       166             chat_messages = chat.json()
New var:....... chat_messages = [{'atraduire': "Premièrement, tu ôteras la Goupi...oods.', 'version': 'fr >> en', 'utilisateur': 1}]
12:21:51.720868 line       167             counter = 0
New var:....... counter = 0
12:21:51.721381 line       169             for prompt in chat_messages:
New var:....... prompt = {'atraduire': "Premièrement, tu ôteras la Goupil... less.", 'version': 'fr >> en', 'utilisateur': 1}
12:21:51.723388 line       170                 counter += 1
Modified var:.. counter = 1
12:21:51.723388 line       172                 message(f"U S E R :{prompt['atraduire']}", key=f"user_message_{counter}")
12:21:51.725395 line       173                 message(f" G P T :{prompt['traduction']}", key=f"bot_message_{counter}")
12:21:51.727516 line       169             for prompt in chat_messages:
Modified var:.. prompt = {'atraduire': 'Chevaliers qui dites ni, nous ne ...woods.', 'version': 'fr >> en', 'utilisateur': 1}
12:21:51.728524 line       170                 counter += 1
Modified var:.. counter = 2
12:21:51.728524 line       172                 message(f"U S E R :{prompt['atraduire']}", key=f"user_message_{counter}")
12:21:51.729524 line       173                 message(f" G P T :{prompt['traduction']}", key=f"bot_message_{counter}")
12:21:51.732039 line       169             for prompt in chat_messages:
12:21:51.732039 line       176                st.error(f"Erreur : {chat.status_code}")
12:21:51.733040 return     176                st.error(f"Erreur : {chat.status_code}")
Return value:.. None
Elapsed time: 00:00:00.032614
Starting var:.. self = <vue.traducteur_app.TraducteurApp object at 0x0000018F24D48EB0>
12:21:59.508856 call       156     def add_chat(self):
12:21:59.508856 line       162         url = f"{self.URL_TRADUCTIONS}{st.session_state.logged_in}"
New var:....... url = 'http://127.0.0.1:8080/traductions/auteur/1'
12:21:59.509857 line       163         chat = requests.get(url)
New var:....... chat = <Response [200]>
12:21:59.525750 line       165         if chat.status_code == 200:
12:21:59.526284 line       166             chat_messages = chat.json()
New var:....... chat_messages = [{'atraduire': "Premièrement, tu ôteras la Goupi...oods.', 'version': 'fr >> en', 'utilisateur': 1}]
12:21:59.527292 line       167             counter = 0
New var:....... counter = 0
12:21:59.528293 line       169             for prompt in chat_messages:
New var:....... prompt = {'atraduire': "Premièrement, tu ôteras la Goupil... less.", 'version': 'fr >> en', 'utilisateur': 1}
12:21:59.528293 line       170                 counter += 1
Modified var:.. counter = 1
12:21:59.530077 line       172                 message(f"U S E R :{prompt['atraduire']}", key=f"user_message_{counter}")
12:21:59.532110 line       173                 message(f" G P T :{prompt['traduction']}", key=f"bot_message_{counter}")
12:21:59.534117 line       169             for prompt in chat_messages:
Modified var:.. prompt = {'atraduire': 'Chevaliers qui dites ni, nous ne ...woods.', 'version': 'fr >> en', 'utilisateur': 1}
12:21:59.534330 line       170                 counter += 1
Modified var:.. counter = 2
12:21:59.534837 line       172                 message(f"U S E R :{prompt['atraduire']}", key=f"user_message_{counter}")
12:21:59.536846 line       173                 message(f" G P T :{prompt['traduction']}", key=f"bot_message_{counter}")
12:21:59.537844 line       169             for prompt in chat_messages:
12:21:59.538845 line       176                st.error(f"Erreur : {chat.status_code}")
12:21:59.541353 return     176                st.error(f"Erreur : {chat.status_code}")
Return value:.. None
Elapsed time: 00:00:00.033505
Starting var:.. self = <vue.traducteur_app.TraducteurApp object at 0x0000018F24A1B3A0>
12:22:36.997529 call       156     def add_chat(self):
12:22:36.998063 line       162         url = f"{self.URL_TRADUCTIONS}{st.session_state.logged_in}"
New var:....... url = 'http://127.0.0.1:8080/traductions/auteur/1'
12:22:36.998589 line       163         chat = requests.get(url)
New var:....... chat = <Response [200]>
12:22:37.011597 line       165         if chat.status_code == 200:
12:22:37.012123 line       166             chat_messages = chat.json()
New var:....... chat_messages = [{'atraduire': "Premièrement, tu ôteras la Goupi...oods.', 'version': 'fr >> en', 'utilisateur': 1}]
12:22:37.012663 line       167             counter = 0
New var:....... counter = 0
12:22:37.013191 line       169             for prompt in chat_messages:
New var:....... prompt = {'atraduire': "Premièrement, tu ôteras la Goupil... less.", 'version': 'fr >> en', 'utilisateur': 1}
12:22:37.014503 line       170                 counter += 1
Modified var:.. counter = 1
12:22:37.015010 line       172                 message(f"U S E R :{prompt['atraduire']}", key=f"user_message_{counter}")
12:22:37.016602 line       173                 message(f" G P T :{prompt['traduction']}", key=f"bot_message_{counter}")
12:22:37.017668 line       169             for prompt in chat_messages:
Modified var:.. prompt = {'atraduire': 'Chevaliers qui dites ni, nous ne ...woods.', 'version': 'fr >> en', 'utilisateur': 1}
12:22:37.018193 line       170                 counter += 1
Modified var:.. counter = 2
12:22:37.019251 line       172                 message(f"U S E R :{prompt['atraduire']}", key=f"user_message_{counter}")
12:22:37.020312 line       173                 message(f" G P T :{prompt['traduction']}", key=f"bot_message_{counter}")
12:22:37.021883 line       169             for prompt in chat_messages:
12:22:37.022409 line       176                st.error(f"Erreur : {chat.status_code}")
12:22:37.022409 return     176                st.error(f"Erreur : {chat.status_code}")
Return value:.. None
Elapsed time: 00:00:00.026931
Source path:... C:\Users\User\Documents\EXO\cas_pratique\py-traducteur_mika\web_traducteur\src\vue\traducteur_app.py
Starting var:.. self = <vue.traducteur_app.TraducteurApp object at 0x0000018F2429E620>
13:00:01.909096 call       156     def add_chat(self):
13:00:01.911414 line       162         url = f"{self.URL_TRADUCTIONS}{st.session_state.logged_in}"
New var:....... url = 'http://127.0.0.1:8080/traductions/auteur/1'
13:00:01.911414 line       163         chat = requests.get(url)
New var:....... chat = <Response [200]>
13:00:01.931859 line       165         if chat.status_code == 200:
13:00:01.932858 line       166             chat_messages = chat.json()
New var:....... chat_messages = [{'atraduire': "Premièrement, tu ôteras la Goupi...oods.', 'version': 'fr >> en', 'utilisateur': 1}]
13:00:01.932858 line       167             counter = 0
New var:....... counter = 0
13:00:01.932858 line       169             for prompt in chat_messages:
New var:....... prompt = {'atraduire': "Premièrement, tu ôteras la Goupil... less.", 'version': 'fr >> en', 'utilisateur': 1}
13:00:01.933864 line       170                 counter += 1
Modified var:.. counter = 1
13:00:01.936363 line       172                 message(f"U S E R :{prompt['atraduire']}", key=f"user_message_{counter}")
13:00:01.939678 line       173                 message(f" G P T :{prompt['traduction']}", key=f"bot_message_{counter}")
13:00:01.941107 exception  173                 message(f" G P T :{prompt['traduction']}", key=f"bot_message_{counter}")
Exception:..... streamlit.errors.DuplicateWidgetID: There are mu...y` argument is unique for each
widget you create.
Call ended by exception
Elapsed time: 00:00:00.033117
Starting var:.. self = <vue.traducteur_app.TraducteurApp object at 0x0000018F2429E560>
13:00:10.974283 call       156     def add_chat(self):
13:00:10.975282 line       162         url = f"{self.URL_TRADUCTIONS}{st.session_state.logged_in}"
New var:....... url = 'http://127.0.0.1:8080/traductions/auteur/1'
13:00:10.976283 line       163         chat = requests.get(url)
New var:....... chat = <Response [200]>
13:00:10.993587 line       165         if chat.status_code == 200:
13:00:10.994126 line       166             chat_messages = chat.json()
New var:....... chat_messages = [{'atraduire': "Premièrement, tu ôteras la Goupi...oods.', 'version': 'fr >> en', 'utilisateur': 1}]
13:00:10.994126 line       167             counter = 0
New var:....... counter = 0
13:00:10.995389 line       169             for prompt in chat_messages:
New var:....... prompt = {'atraduire': "Premièrement, tu ôteras la Goupil... less.", 'version': 'fr >> en', 'utilisateur': 1}
13:00:10.995906 line       170                 counter += 1
Modified var:.. counter = 1
13:00:10.996915 line       172                 message(f"U S E R :{prompt['atraduire']}", key=f"user_message_{counter}")
13:00:10.998488 line       173                 message(f" G P T :{prompt['traduction']}", key=f"bot_message_{counter}")
13:00:10.999496 exception  173                 message(f" G P T :{prompt['traduction']}", key=f"bot_message_{counter}")
Exception:..... streamlit.errors.DuplicateWidgetID: There are mu...y` argument is unique for each
widget you create.
Call ended by exception
Elapsed time: 00:00:00.027214
Starting var:.. self = <vue.traducteur_app.TraducteurApp object at 0x0000018F2425C220>
13:00:14.612609 call       156     def add_chat(self):
13:00:14.613132 line       162         url = f"{self.URL_TRADUCTIONS}{st.session_state.logged_in}"
New var:....... url = 'http://127.0.0.1:8080/traductions/auteur/1'
13:00:14.613653 line       163         chat = requests.get(url)
New var:....... chat = <Response [200]>
13:00:14.627424 line       165         if chat.status_code == 200:
13:00:14.627956 line       166             chat_messages = chat.json()
New var:....... chat_messages = [{'atraduire': "Premièrement, tu ôteras la Goupi...oods.', 'version': 'fr >> en', 'utilisateur': 1}]
13:00:14.627956 line       167             counter = 0
New var:....... counter = 0
13:00:14.629011 line       169             for prompt in chat_messages:
New var:....... prompt = {'atraduire': "Premièrement, tu ôteras la Goupil... less.", 'version': 'fr >> en', 'utilisateur': 1}
13:00:14.629546 line       170                 counter += 1
Modified var:.. counter = 1
13:00:14.630637 line       172                 message(f"U S E R :{prompt['atraduire']}", key=f"user_message_{counter}")
13:00:14.632115 line       173                 message(f" G P T :{prompt['traduction']}", key=f"bot_message_{counter}")
13:00:14.633241 exception  173                 message(f" G P T :{prompt['traduction']}", key=f"bot_message_{counter}")
Exception:..... streamlit.errors.DuplicateWidgetID: There are mu...y` argument is unique for each
widget you create.
Call ended by exception
Elapsed time: 00:00:00.022265
Source path:... C:\Users\User\Documents\EXO\cas_pratique\py-traducteur_mika\web_traducteur\src\vue\traducteur_app.py
Starting var:.. self = <vue.traducteur_app.TraducteurApp object at 0x0000018F2429E4D0>
13:02:50.209658 call       156     def add_chat(self):
13:02:50.210658 line       162         url = f"{self.URL_TRADUCTIONS}{st.session_state.logged_in}"
New var:....... url = 'http://127.0.0.1:8080/traductions/auteur/1'
13:02:50.210658 line       163         chat = requests.get(url)
New var:....... chat = <Response [200]>
13:02:50.225718 line       165         if chat.status_code == 200:
13:02:50.226246 line       166             chat_messages = chat.json()
New var:....... chat_messages = [{'atraduire': "Premièrement, tu ôteras la Goupi...oods.', 'version': 'fr >> en', 'utilisateur': 1}]
13:02:50.226772 line       167             counter = 0
New var:....... counter_user = 0
13:02:50.227299 line       168             
New var:....... counter_bot = 1
13:02:50.227834 line       170                 counter += 1
New var:....... prompt = {'atraduire': "Premièrement, tu ôteras la Goupil... less.", 'version': 'fr >> en', 'utilisateur': 1}
13:02:50.228891 line       171            
13:02:50.229423 exception  171            
Exception:..... UnboundLocalError: local variable 'counter' referenced before assignment
Call ended by exception
Elapsed time: 00:00:00.020822
Starting var:.. self = <vue.traducteur_app.TraducteurApp object at 0x0000018F24D487C0>
13:02:56.777504 call       156     def add_chat(self):
13:02:56.778024 line       162         url = f"{self.URL_TRADUCTIONS}{st.session_state.logged_in}"
New var:....... url = 'http://127.0.0.1:8080/traductions/auteur/1'
13:02:56.778024 line       163         chat = requests.get(url)
New var:....... chat = <Response [200]>
13:02:56.792476 line       165         if chat.status_code == 200:
13:02:56.793009 line       166             chat_messages = chat.json()
New var:....... chat_messages = [{'atraduire': "Premièrement, tu ôteras la Goupi...oods.', 'version': 'fr >> en', 'utilisateur': 1}]
13:02:56.793536 line       167             counter = 0
New var:....... counter_user = 0
13:02:56.794585 line       168             
New var:....... counter_bot = 1
13:02:56.795115 line       170                 counter += 1
New var:....... prompt = {'atraduire': "Premièrement, tu ôteras la Goupil... less.", 'version': 'fr >> en', 'utilisateur': 1}
13:02:56.795640 line       171            
13:02:56.796694 exception  171            
Exception:..... UnboundLocalError: local variable 'counter' referenced before assignment
Call ended by exception
Elapsed time: 00:00:00.020772
Source path:... C:\Users\User\Documents\EXO\cas_pratique\py-traducteur_mika\web_traducteur\src\vue\traducteur_app.py
Starting var:.. self = <vue.traducteur_app.TraducteurApp object at 0x0000018F2429D570>
13:03:20.351470 call       156     def add_chat(self):
13:03:20.352472 line       162         url = f"{self.URL_TRADUCTIONS}{st.session_state.logged_in}"
New var:....... url = 'http://127.0.0.1:8080/traductions/auteur/1'
13:03:20.353479 line       163         chat = requests.get(url)
New var:....... chat = <Response [200]>
13:03:20.369099 line       165         if chat.status_code == 200:
13:03:20.370127 line       166             chat_messages = chat.json()
New var:....... chat_messages = [{'atraduire': "Premièrement, tu ôteras la Goupi...oods.', 'version': 'fr >> en', 'utilisateur': 1}]
13:03:20.370655 line       167             counter = 0
New var:....... counter_user = 0
13:03:20.371194 line       168             
New var:....... counter_bot = 1
13:03:20.372255 line       170                 counter += 1
New var:....... prompt = {'atraduire': "Premièrement, tu ôteras la Goupil... less.", 'version': 'fr >> en', 'utilisateur': 1}
13:03:20.372784 line       171            
13:03:20.373314 exception  171            
Exception:..... UnboundLocalError: local variable 'counter' referenced before assignment
Call ended by exception
Elapsed time: 00:00:00.023426
Starting var:.. self = <vue.traducteur_app.TraducteurApp object at 0x0000018F435017B0>
13:03:27.562357 call       156     def add_chat(self):
13:03:27.562883 line       162         url = f"{self.URL_TRADUCTIONS}{st.session_state.logged_in}"
New var:....... url = 'http://127.0.0.1:8080/traductions/auteur/1'
13:03:27.563415 line       163         chat = requests.get(url)
New var:....... chat = <Response [200]>
13:03:27.578444 line       165         if chat.status_code == 200:
13:03:27.578979 line       166             chat_messages = chat.json()
New var:....... chat_messages = [{'atraduire': "Premièrement, tu ôteras la Goupi...oods.', 'version': 'fr >> en', 'utilisateur': 1}]
13:03:27.579499 line       167             counter = 0
New var:....... counter_user = 0
13:03:27.580029 line       168             
New var:....... counter_bot = 1
13:03:27.581089 line       170                 counter += 1
New var:....... prompt = {'atraduire': "Premièrement, tu ôteras la Goupil... less.", 'version': 'fr >> en', 'utilisateur': 1}
13:03:27.581616 line       171            
13:03:27.582149 exception  171            
Exception:..... UnboundLocalError: local variable 'counter' referenced before assignment
Call ended by exception
Elapsed time: 00:00:00.021077
Source path:... C:\Users\User\Documents\EXO\cas_pratique\py-traducteur_mika\web_traducteur\src\vue\traducteur_app.py
Starting var:.. self = <vue.traducteur_app.TraducteurApp object at 0x0000018F2429E740>
13:04:00.066295 call       156     def add_chat(self):
13:04:00.067294 line       162         url = f"{self.URL_TRADUCTIONS}{st.session_state.logged_in}"
New var:....... url = 'http://127.0.0.1:8080/traductions/auteur/1'
13:04:00.068295 line       163         chat = requests.get(url)
New var:....... chat = <Response [200]>
13:04:00.083338 line       165         if chat.status_code == 200:
13:04:00.084149 line       166             chat_messages = chat.json()
New var:....... chat_messages = [{'atraduire': "Premièrement, tu ôteras la Goupi...oods.', 'version': 'fr >> en', 'utilisateur': 1}]
13:04:00.084665 line       167             counter = 0
New var:....... counter_user = 0
13:04:00.085014 line       168             
New var:....... counter_bot = 1
13:04:00.085521 line       170                 counter += 1
New var:....... prompt = {'atraduire': "Premièrement, tu ôteras la Goupil... less.", 'version': 'fr >> en', 'utilisateur': 1}
13:04:00.086506 line       171            
Modified var:.. counter_user = 2
13:04:00.087012 line       172                 message(f"U S E R :{prompt['atraduire']}", key=f"user_message_{counter}")
Modified var:.. counter_bot = 3
13:04:00.087012 line       174             
13:04:00.089396 line       175             else :
13:04:00.090481 line       170                 counter += 1
Modified var:.. prompt = {'atraduire': 'Chevaliers qui dites ni, nous ne ...woods.', 'version': 'fr >> en', 'utilisateur': 1}
13:04:00.091053 line       171            
Modified var:.. counter_user = 4
13:04:00.091559 line       172                 message(f"U S E R :{prompt['atraduire']}", key=f"user_message_{counter}")
Modified var:.. counter_bot = 5
13:04:00.092701 line       174             
13:04:00.093651 line       175             else :
13:04:00.095661 line       170                 counter += 1
    Elapsed time: 00:00:00.030365
Starting var:.. self = <vue.traducteur_app.TraducteurApp object at 0x0000018F434E5990>
13:04:06.238481 call       156     def add_chat(self):
13:04:06.239284 line       162         url = f"{self.URL_TRADUCTIONS}{st.session_state.logged_in}"
New var:....... url = 'http://127.0.0.1:8080/traductions/auteur/1'
13:04:06.239791 line       163         chat = requests.get(url)
New var:....... chat = <Response [200]>
13:04:06.253748 line       165         if chat.status_code == 200:
13:04:06.254362 line       166             chat_messages = chat.json()
New var:....... chat_messages = [{'atraduire': "Premièrement, tu ôteras la Goupi...oods.', 'version': 'fr >> en', 'utilisateur': 1}]
13:04:06.254362 line       167             counter = 0
New var:....... counter_user = 0
13:04:06.255395 line       168             
New var:....... counter_bot = 1
13:04:06.255929 line       170                 counter += 1
New var:....... prompt = {'atraduire': "Premièrement, tu ôteras la Goupil... less.", 'version': 'fr >> en', 'utilisateur': 1}
13:04:06.256971 line       171            
Modified var:.. counter_user = 2
13:04:06.257495 line       172                 message(f"U S E R :{prompt['atraduire']}", key=f"user_message_{counter}")
Modified var:.. counter_bot = 3
13:04:06.258546 line       174             
13:04:06.260670 line       175             else :
13:04:06.262263 line       170                 counter += 1
Modified var:.. prompt = {'atraduire': 'Chevaliers qui dites ni, nous ne ...woods.', 'version': 'fr >> en', 'utilisateur': 1}
13:04:06.262789 line       171            
Modified var:.. counter_user = 4
13:04:06.263317 line       172                 message(f"U S E R :{prompt['atraduire']}", key=f"user_message_{counter}")
Modified var:.. counter_bot = 5
13:04:06.264572 line       174             
13:04:06.266581 line       175             else :
13:04:06.268582 line       170                 counter += 1
    Elapsed time: 00:00:00.030101
Starting var:.. self = <vue.traducteur_app.TraducteurApp object at 0x0000018F2425C2B0>
13:04:34.994128 call       156     def add_chat(self):
13:04:34.995129 line       162         url = f"{self.URL_TRADUCTIONS}{st.session_state.logged_in}"
New var:....... url = 'http://127.0.0.1:8080/traductions/auteur/1'
13:04:34.995129 line       163         chat = requests.get(url)
New var:....... chat = <Response [200]>
13:04:35.071478 line       165         if chat.status_code == 200:
13:04:35.072519 line       166             chat_messages = chat.json()
New var:....... chat_messages = [{'atraduire': "Premièrement, tu ôteras la Goupi...oods.', 'version': 'fr >> en', 'utilisateur': 1}]
13:04:35.072879 line       167             counter = 0
New var:....... counter_user = 0
13:04:35.073386 line       168             
New var:....... counter_bot = 1
13:04:35.074453 line       170                 counter += 1
New var:....... prompt = {'atraduire': "Premièrement, tu ôteras la Goupil... less.", 'version': 'fr >> en', 'utilisateur': 1}
13:04:35.076311 line       171            
Modified var:.. counter_user = 2
13:04:35.084065 line       172                 message(f"U S E R :{prompt['atraduire']}", key=f"user_message_{counter}")
Modified var:.. counter_bot = 3
13:04:35.087067 line       174             
13:04:35.089066 exception  174             
Exception:..... streamlit.runtime.scriptrunner.script_runner.StopException
Call ended by exception
Elapsed time: 00:00:00.097444
Starting var:.. self = <vue.traducteur_app.TraducteurApp object at 0x0000018F434E58D0>
13:04:39.039869 call       156     def add_chat(self):
13:04:39.040397 line       162         url = f"{self.URL_TRADUCTIONS}{st.session_state.logged_in}"
New var:....... url = 'http://127.0.0.1:8080/traductions/auteur/1'
13:04:39.040397 line       163         chat = requests.get(url)
New var:....... chat = <Response [200]>
13:04:39.053663 line       165         if chat.status_code == 200:
13:04:39.054697 line       166             chat_messages = chat.json()
New var:....... chat_messages = [{'atraduire': "Premièrement, tu ôteras la Goupi...oods.', 'version': 'fr >> en', 'utilisateur': 1}]
13:04:39.054697 line       167             counter = 0
New var:....... counter_user = 0
13:04:39.055760 line       168             
New var:....... counter_bot = 1
13:04:39.056290 line       170                 counter += 1
New var:....... prompt = {'atraduire': "Premièrement, tu ôteras la Goupil... less.", 'version': 'fr >> en', 'utilisateur': 1}
13:04:39.056841 line       171            
Modified var:.. counter_user = 2
13:04:39.057369 line       172                 message(f"U S E R :{prompt['atraduire']}", key=f"user_message_{counter}")
Modified var:.. counter_bot = 3
13:04:39.058422 line       174             
13:04:39.059995 line       175             else :
13:04:39.061050 line       170                 counter += 1
Modified var:.. prompt = {'atraduire': 'Chevaliers qui dites ni, nous ne ...woods.', 'version': 'fr >> en', 'utilisateur': 1}
13:04:39.061566 line       171            
Modified var:.. counter_user = 4
13:04:39.062626 line       172                 message(f"U S E R :{prompt['atraduire']}", key=f"user_message_{counter}")
Modified var:.. counter_bot = 5
13:04:39.063156 line       174             
13:04:39.064843 line       175             else :
13:04:39.066362 line       170                 counter += 1
    Elapsed time: 00:00:00.027502
