Starting var:.. self = <vue.traducteur_app.TraducteurApp object at 0x0000018572A15A50>
Starting var:.. option = 'fr >> en'
11:45:01.160105 call       122     def add_form(self, option):
11:45:01.162105 line       130         st.subheader(option)
11:45:01.163109 line       131         atraduire = st.text_input("Texte à traduire")
New var:....... atraduire = 'traduit moi ça'
11:45:01.164107 line       133         if st.button("Traduire"):
11:45:01.166105 line       135                 "atraduire": atraduire,
11:45:01.166105 line       136                 "version": option,
11:45:01.167107 line       137                 "utilisateur":st.session_state["logged_in"]
11:45:01.168587 line       134             data = {
New var:....... data = {'atraduire': 'traduit moi ça', 'version': 'fr >> en', 'utilisateur': 1}
11:45:01.168587 line       140             response = requests.post(self.URL_TRADUCTEUR, json=data)
New var:....... response = <Response [500]>
11:45:04.121267 line       142             if response.status_code == 200:
11:45:04.122269 line       148                 st.error(f"Erreur : {response.status_code}")
11:45:04.122269 line       149                 reponse = response.json()
11:45:04.123272 exception  149                 reponse = response.json()
Exception:..... requests.exceptions.JSONDecodeError: Expecting value: line 1 column 1 (char 0)
Call ended by exception
Elapsed time: 00:00:02.964167
Starting var:.. self = <vue.traducteur_app.TraducteurApp object at 0x0000018572A16950>
Starting var:.. option = 'fr >> en'
11:50:32.180859 call       122     def add_form(self, option):
11:50:32.182860 line       130         st.subheader(option)
11:50:32.183859 line       131         atraduire = st.text_input("Texte à traduire")
New var:....... atraduire = 'traduit moi ça'
11:50:32.185372 line       133         if st.button("Traduire"):
11:50:32.186380 line       135                 "atraduire": atraduire,
11:50:32.187379 line       136                 "version": option,
11:50:32.187379 line       137                 "utilisateur":st.session_state["logged_in"]
11:50:32.187379 line       134             data = {
New var:....... data = {'atraduire': 'traduit moi ça', 'version': 'fr >> en', 'utilisateur': 1}
11:50:32.188379 line       140             response = requests.post(self.URL_TRADUCTEUR, json=data)
New var:....... response = <Response [500]>
11:50:35.150537 line       142             if response.status_code == 200:
11:50:35.151533 line       148                 st.error(f"Erreur : {response.status_code}")
11:50:35.152535 line       149                 reponse = response.json()
11:50:35.153535 exception  149                 reponse = response.json()
Exception:..... requests.exceptions.JSONDecodeError: Expecting value: line 1 column 1 (char 0)
Call ended by exception
Elapsed time: 00:00:02.973924
Starting var:.. self = <vue.traducteur_app.TraducteurApp object at 0x000001857229E6B0>
Starting var:.. option = 'fr >> en'
12:15:39.260270 call       122     def add_form(self, option):
12:15:39.262276 line       130         st.subheader(option)
12:15:39.263277 line       131         atraduire = st.text_input("Texte à traduire")
New var:....... atraduire = 'traduit moi ça'
12:15:39.264277 line       133         if st.button("Traduire"):
12:15:39.266275 line       135                 "atraduire": atraduire,
12:15:39.266275 line       136                 "version": option,
12:15:39.267277 line       137                 "utilisateur":st.session_state["logged_in"]
12:15:39.267277 line       134             data = {
New var:....... data = {'atraduire': 'traduit moi ça', 'version': 'fr >> en', 'utilisateur': 1}
12:15:39.267277 line       140             response = requests.post(self.URL_TRADUCTEUR, json=data)
New var:....... response = <Response [500]>
12:15:42.516599 line       142             if response.status_code == 200:
12:15:42.517601 line       148                 st.error(f"Erreur : {response.status_code}")
12:15:42.518600 line       149                 reponse = response.json()
12:15:42.518600 exception  149                 reponse = response.json()
Exception:..... requests.exceptions.JSONDecodeError: Expecting value: line 1 column 1 (char 0)
Call ended by exception
Elapsed time: 00:00:03.260361
Starting var:.. self = <vue.traducteur_app.TraducteurApp object at 0x000001857229DE70>
Starting var:.. option = 'fr >> en'
12:15:55.735827 call       122     def add_form(self, option):
12:15:55.736826 line       130         st.subheader(option)
12:15:55.737826 line       131         atraduire = st.text_input("Texte à traduire")
New var:....... atraduire = 'traduit moi ça'
12:15:55.738828 line       133         if st.button("Traduire"):
12:15:55.739826 line       135                 "atraduire": atraduire,
12:15:55.740828 line       136                 "version": option,
12:15:55.740828 line       137                 "utilisateur":st.session_state["logged_in"]
12:15:55.741826 line       134             data = {
New var:....... data = {'atraduire': 'traduit moi ça', 'version': 'fr >> en', 'utilisateur': 1}
12:15:55.741826 line       140             response = requests.post(self.URL_TRADUCTEUR, json=data)
New var:....... response = <Response [500]>
12:15:58.705427 line       142             if response.status_code == 200:
12:15:58.706427 line       148                 st.error(f"Erreur : {response.status_code}")
12:15:58.707425 line       149                 reponse = response.json()
12:15:58.708426 exception  149                 reponse = response.json()
Exception:..... requests.exceptions.JSONDecodeError: Expecting value: line 1 column 1 (char 0)
Call ended by exception
Elapsed time: 00:00:02.974749
Starting var:.. self = <vue.traducteur_app.TraducteurApp object at 0x000001857229E6E0>
Starting var:.. option = 'fr >> en'
12:17:33.763837 call       122     def add_form(self, option):
12:17:33.764833 line       130         st.subheader(option)
12:17:33.765835 line       131         atraduire = st.text_input("Texte à traduire")
New var:....... atraduire = 'traduit moi ça'
12:17:33.766834 line       133         if st.button("Traduire"):
12:17:33.767833 line       135                 "atraduire": atraduire,
12:17:33.768833 line       136                 "version": option,
12:17:33.768833 line       137                 "utilisateur":st.session_state["logged_in"]
12:17:33.769837 line       134             data = {
New var:....... data = {'atraduire': 'traduit moi ça', 'version': 'fr >> en', 'utilisateur': 1}
12:17:33.769837 line       140             response = requests.post(self.URL_TRADUCTEUR, json=data)
New var:....... response = <Response [500]>
12:17:36.616621 line       142             if response.status_code == 200:
12:17:36.617624 line       148                 st.error(f"Erreur : {response.status_code}")
12:17:36.618623 line       149                 reponse = response.json()
12:17:36.618623 exception  149                 reponse = response.json()
Exception:..... requests.exceptions.JSONDecodeError: Expecting value: line 1 column 1 (char 0)
Call ended by exception
Elapsed time: 00:00:02.855785
Source path:... C:\Users\User\Documents\EXO\cas_pratique\py-traducteur_mika\web_traducteur\src\vue\traducteur_app.py
Starting var:.. self = <vue.traducteur_app.TraducteurApp object at 0x0000018F2429E110>
Starting var:.. option = 'fr >> en'
12:21:39.266789 call       122     def add_form(self, option):
12:21:39.268789 line       130         st.subheader(option)
12:21:39.269788 line       131         atraduire = st.text_input("Texte à traduire")
New var:....... atraduire = ''
12:21:39.270790 line       133         if st.button("Traduire"):
12:21:39.272790 return     133         if st.button("Traduire"):
Return value:.. None
Elapsed time: 00:00:00.007007
Starting var:.. self = <vue.traducteur_app.TraducteurApp object at 0x0000018F24A1B100>
Starting var:.. option = 'fr >> en'
12:21:42.754229 call       122     def add_form(self, option):
12:21:42.756227 line       130         st.subheader(option)
12:21:42.757227 line       131         atraduire = st.text_input("Texte à traduire")
New var:....... atraduire = ''
12:21:42.758228 line       133         if st.button("Traduire"):
12:21:42.760229 return     133         if st.button("Traduire"):
Return value:.. None
Elapsed time: 00:00:00.007507
Starting var:.. self = <vue.traducteur_app.TraducteurApp object at 0x0000018F24A1ADA0>
Starting var:.. option = 'fr >> en'
12:21:48.365473 call       122     def add_form(self, option):
12:21:48.366472 line       130         st.subheader(option)
12:21:48.366472 line       131         atraduire = st.text_input("Texte à traduire")
New var:....... atraduire = ''
12:21:48.368472 line       133         if st.button("Traduire"):
12:21:48.369473 return     133         if st.button("Traduire"):
Return value:.. None
Elapsed time: 00:00:00.005507
Starting var:.. self = <vue.traducteur_app.TraducteurApp object at 0x0000018F2429E650>
Starting var:.. option = 'fr >> en'
12:21:48.474293 call       122     def add_form(self, option):
12:21:48.475341 line       130         st.subheader(option)
12:21:48.476430 line       131         atraduire = st.text_input("Texte à traduire")
New var:....... atraduire = ''
12:21:48.477482 line       133         if st.button("Traduire"):
12:21:48.479489 return     133         if st.button("Traduire"):
Return value:.. None
Elapsed time: 00:00:00.005196
Starting var:.. self = <vue.traducteur_app.TraducteurApp object at 0x0000018F434A20B0>
Starting var:.. option = 'fr >> en'
12:21:51.693433 call       122     def add_form(self, option):
12:21:51.695431 line       130         st.subheader(option)
12:21:51.696433 line       131         atraduire = st.text_input("Texte à traduire")
New var:....... atraduire = 'trump évite les balles '
12:21:51.698433 line       133         if st.button("Traduire"):
12:21:51.700433 return     133         if st.button("Traduire"):
Return value:.. None
Elapsed time: 00:00:00.008000
Starting var:.. self = <vue.traducteur_app.TraducteurApp object at 0x0000018F24D48EB0>
Starting var:.. option = 'fr >> en'
12:21:51.783962 call       122     def add_form(self, option):
12:21:51.785607 line       130         st.subheader(option)
12:21:51.786616 line       131         atraduire = st.text_input("Texte à traduire")
New var:....... atraduire = 'trump évite les balles '
12:21:51.787615 line       133         if st.button("Traduire"):
12:21:51.789614 line       135                 "atraduire": atraduire,
12:21:51.789614 line       136                 "version": option,
12:21:51.789614 line       137                 "utilisateur":st.session_state["logged_in"]
12:21:51.791118 line       134             data = {
New var:....... data = {'atraduire': 'trump évite les balles ', 'version': 'fr >> en', 'utilisateur': 1}
12:21:51.791118 line       140             response = requests.post(self.URL_TRADUCTEUR, json=data)
New var:....... response = <Response [200]>
12:21:59.501339 line       142             if response.status_code == 200:
12:21:59.501850 line       143                 st.success("Voici votre traduction !")
12:21:59.503857 line       144                 response_data = response.json()
New var:....... response_data = {'atraduire': 'trump évite les balles ', 'traduc...lets'}], 'version': 'fr >> en', 'utilisateur': 1}
12:21:59.503857 line       145                 reponse = response_data['traduction']
New var:....... reponse = [{'translation_text': 'tromp avoids bullets'}]
12:21:59.504857 line       146                 message(reponse)
12:21:59.506859 return     146                 message(reponse)
Return value:.. None
Elapsed time: 00:00:07.723895
Starting var:.. self = <vue.traducteur_app.TraducteurApp object at 0x0000018F24A1B3A0>
Starting var:.. option = 'fr >> en'
12:22:33.851857 call       122     def add_form(self, option):
12:22:33.852857 line       130         st.subheader(option)
12:22:33.853860 line       131         atraduire = st.text_input("Texte à traduire")
New var:....... atraduire = 'trump évite les balles '
12:22:33.854862 line       133         if st.button("Traduire"):
12:22:33.856857 line       135                 "atraduire": atraduire,
12:22:33.856857 line       136                 "version": option,
12:22:33.857857 line       137                 "utilisateur":st.session_state["logged_in"]
12:22:33.857857 line       134             data = {
New var:....... data = {'atraduire': 'trump évite les balles ', 'version': 'fr >> en', 'utilisateur': 1}
12:22:33.858858 line       140             response = requests.post(self.URL_TRADUCTEUR, json=data)
New var:....... response = <Response [200]>
12:22:36.991185 line       142             if response.status_code == 200:
12:22:36.992232 line       143                 st.success("Voici votre traduction !")
12:22:36.993288 line       144                 response_data = response.json()
New var:....... response_data = {'atraduire': 'trump évite les balles ', 'traduc...lets'}], 'version': 'fr >> en', 'utilisateur': 1}
12:22:36.993821 line       145                 reponse = response_data['traduction']
New var:....... reponse = [{'translation_text': 'tromp avoids bullets'}]
12:22:36.994351 line       146                 message(reponse)
12:22:36.995931 return     146                 message(reponse)
Return value:.. None
Elapsed time: 00:00:03.145132
Source path:... C:\Users\User\Documents\EXO\cas_pratique\py-traducteur_mika\web_traducteur\src\vue\traducteur_app.py
Starting var:.. self = <vue.traducteur_app.TraducteurApp object at 0x0000018F24D48130>
Starting var:.. option = 'fr >> en'
12:51:04.729245 call       122     def add_form(self, option):
12:51:04.730244 line       130         st.subheader(option)
12:51:04.731752 line       131         atraduire = st.text_input("Texte à traduire")
New var:....... atraduire = 'trump évite les balles '
12:51:04.733760 line       133         if st.button("Traduire"):
12:51:04.735267 line       135                 "atraduire": atraduire,
12:51:04.736276 line       136                 "version": option,
12:51:04.736276 line       137                 "utilisateur":st.session_state["logged_in"]
12:51:04.737276 line       134             data = {
New var:....... data = {'atraduire': 'trump évite les balles ', 'version': 'fr >> en', 'utilisateur': 1}
12:51:04.737276 line       140             response = requests.post(self.URL_TRADUCTEUR, json=data)
New var:....... response = <Response [200]>
12:51:08.328856 line       142             if response.status_code == 200:
12:51:08.329384 line       143                 st.success("Voici votre traduction !")
12:51:08.330954 line       144                 response_data = response.json()
New var:....... response_data = {'atraduire': 'trump évite les balles ', 'traduc...lets'}], 'version': 'fr >> en', 'utilisateur': 1}
12:51:08.331481 line       145                 reponse = response_data['traduction']
New var:....... reponse = [{'translation_text': 'tromp avoids bullets'}]
12:51:08.332530 line       146                 message(reponse)
    Elapsed time: 00:00:03.604840
Source path:... C:\Users\User\Documents\EXO\cas_pratique\py-traducteur_mika\web_traducteur\src\vue\traducteur_app.py
Starting var:.. self = <vue.traducteur_app.TraducteurApp object at 0x0000018F2429E620>
Starting var:.. option = 'fr >> en'
12:59:58.630308 call       122     def add_form(self, option):
12:59:58.632309 line       130         st.subheader(option)
12:59:58.633309 line       131         atraduire = st.text_input("Texte à traduire")
New var:....... atraduire = 'trump évite les balles '
12:59:58.634308 line       133         if st.button("Traduire"):
12:59:58.635309 line       135                 "atraduire": atraduire,
12:59:58.636309 line       136                 "version": option,
12:59:58.636309 line       137                 "utilisateur":st.session_state["logged_in"]
12:59:58.636309 line       134             data = {
New var:....... data = {'atraduire': 'trump évite les balles ', 'version': 'fr >> en', 'utilisateur': 1}
12:59:58.637308 line       140             response = requests.post(self.URL_TRADUCTEUR, json=data)
New var:....... response = <Response [200]>
13:00:01.903015 line       142             if response.status_code == 200:
13:00:01.903548 line       143                 st.success("Voici votre traduction !")
13:00:01.904771 line       144                 response_data = response.json()
New var:....... response_data = {'atraduire': 'trump évite les balles ', 'traduc...lets'}], 'version': 'fr >> en', 'utilisateur': 1}
13:00:01.905302 line       145                 reponse = response_data['traduction']
New var:....... reponse = [{'translation_text': 'tromp avoids bullets'}]
13:00:01.905839 line       146                 message(reponse)
13:00:01.907450 return     146                 message(reponse)
Return value:.. None
Elapsed time: 00:00:03.278193
Starting var:.. self = <vue.traducteur_app.TraducteurApp object at 0x0000018F2429E560>
Starting var:.. option = 'fr >> en'
13:00:10.953235 call       122     def add_form(self, option):
13:00:10.957750 line       130         st.subheader(option)
13:00:10.958750 line       131         atraduire = st.text_input("Texte à traduire")
New var:....... atraduire = 'trump évite les balles  en costard'
13:00:10.970282 line       133         if st.button("Traduire"):
13:00:10.972282 return     133         if st.button("Traduire"):
Return value:.. None
Elapsed time: 00:00:00.020046
Starting var:.. self = <vue.traducteur_app.TraducteurApp object at 0x0000018F2425C220>
Starting var:.. option = 'fr >> en'
13:00:11.066024 call       122     def add_form(self, option):
13:00:11.068031 line       130         st.subheader(option)
13:00:11.069038 line       131         atraduire = st.text_input("Texte à traduire")
New var:....... atraduire = 'trump évite les balles  en costard'
13:00:11.071039 line       133         if st.button("Traduire"):
13:00:11.072038 line       135                 "atraduire": atraduire,
13:00:11.073038 line       136                 "version": option,
13:00:11.073038 line       137                 "utilisateur":st.session_state["logged_in"]
13:00:11.074038 line       134             data = {
New var:....... data = {'atraduire': 'trump évite les balles  en costard', 'version': 'fr >> en', 'utilisateur': 1}
13:00:11.074038 line       140             response = requests.post(self.URL_TRADUCTEUR, json=data)
New var:....... response = <Response [200]>
13:00:14.606772 line       142             if response.status_code == 200:
13:00:14.607302 line       143                 st.success("Voici votre traduction !")
13:00:14.608383 line       144                 response_data = response.json()
New var:....... response_data = {'atraduire': 'trump évite les balles  en costar...suit'}], 'version': 'fr >> en', 'utilisateur': 1}
13:00:14.608909 line       145                 reponse = response_data['traduction']
New var:....... reponse = [{'translation_text': 'tromp avoids bullets in suit'}]
13:00:14.609439 line       146                 message(reponse)
13:00:14.611020 return     146                 message(reponse)
Return value:.. None
Elapsed time: 00:00:03.546060
Source path:... C:\Users\User\Documents\EXO\cas_pratique\py-traducteur_mika\web_traducteur\src\vue\traducteur_app.py
Starting var:.. self = <vue.traducteur_app.TraducteurApp object at 0x0000018F2429E4D0>
Starting var:.. option = 'fr >> en'
13:02:50.202377 call       122     def add_form(self, option):
13:02:50.204657 line       130         st.subheader(option)
13:02:50.205658 line       131         atraduire = st.text_input("Texte à traduire")
New var:....... atraduire = 'trump évite les balles  en costard'
13:02:50.206657 line       133         if st.button("Traduire"):
13:02:50.208657 return     133         if st.button("Traduire"):
Return value:.. None
Elapsed time: 00:00:00.006280
Starting var:.. self = <vue.traducteur_app.TraducteurApp object at 0x0000018F24D487C0>
Starting var:.. option = 'fr >> en'
13:02:53.301082 call       122     def add_form(self, option):
13:02:53.302080 line       130         st.subheader(option)
13:02:53.303080 line       131         atraduire = st.text_input("Texte à traduire")
New var:....... atraduire = 'trump évite les balles  en costard'
13:02:53.305082 line       133         if st.button("Traduire"):
13:02:53.305082 line       135                 "atraduire": atraduire,
13:02:53.306588 line       136                 "version": option,
13:02:53.306588 line       137                 "utilisateur":st.session_state["logged_in"]
13:02:53.307596 line       134             data = {
New var:....... data = {'atraduire': 'trump évite les balles  en costard', 'version': 'fr >> en', 'utilisateur': 1}
13:02:53.307596 line       140             response = requests.post(self.URL_TRADUCTEUR, json=data)
New var:....... response = <Response [200]>
13:02:56.771105 line       142             if response.status_code == 200:
13:02:56.772174 line       143                 st.success("Voici votre traduction !")
13:02:56.773295 line       144                 response_data = response.json()
New var:....... response_data = {'atraduire': 'trump évite les balles  en costar...suit'}], 'version': 'fr >> en', 'utilisateur': 1}
13:02:56.773808 line       145                 reponse = response_data['traduction']
New var:....... reponse = [{'translation_text': 'tromp avoids bullets in suit'}]
13:02:56.774336 line       146                 message(reponse)
13:02:56.775904 return     146                 message(reponse)
Return value:.. None
Elapsed time: 00:00:03.475888
Source path:... C:\Users\User\Documents\EXO\cas_pratique\py-traducteur_mika\web_traducteur\src\vue\traducteur_app.py
Starting var:.. self = <vue.traducteur_app.TraducteurApp object at 0x0000018F2429D570>
Starting var:.. option = 'fr >> en'
13:03:20.343240 call       122     def add_form(self, option):
13:03:20.345241 line       130         st.subheader(option)
13:03:20.346241 line       131         atraduire = st.text_input("Texte à traduire")
New var:....... atraduire = 'trump évite les balles  en costard'
13:03:20.348240 line       133         if st.button("Traduire"):
13:03:20.350242 return     133         if st.button("Traduire"):
Return value:.. None
Elapsed time: 00:00:00.008230
Starting var:.. self = <vue.traducteur_app.TraducteurApp object at 0x0000018F435017B0>
Starting var:.. option = 'fr >> en'
13:03:23.901521 call       122     def add_form(self, option):
13:03:23.902518 line       130         st.subheader(option)
13:03:23.903520 line       131         atraduire = st.text_input("Texte à traduire")
New var:....... atraduire = 'trump évite les balles  en costard'
13:03:23.905519 line       133         if st.button("Traduire"):
13:03:23.906518 line       135                 "atraduire": atraduire,
13:03:23.907523 line       136                 "version": option,
13:03:23.907523 line       137                 "utilisateur":st.session_state["logged_in"]
13:03:23.907523 line       134             data = {
New var:....... data = {'atraduire': 'trump évite les balles  en costard', 'version': 'fr >> en', 'utilisateur': 1}
13:03:23.908518 line       140             response = requests.post(self.URL_TRADUCTEUR, json=data)
New var:....... response = <Response [200]>
13:03:27.556039 line       142             if response.status_code == 200:
13:03:27.556568 line       143                 st.success("Voici votre traduction !")
13:03:27.558150 line       144                 response_data = response.json()
New var:....... response_data = {'atraduire': 'trump évite les balles  en costar...suit'}], 'version': 'fr >> en', 'utilisateur': 1}
13:03:27.558676 line       145                 reponse = response_data['traduction']
New var:....... reponse = 'tromp avoids bullets in suit'
13:03:27.559200 line       146                 message(reponse)
13:03:27.560767 return     146                 message(reponse)
Return value:.. None
Elapsed time: 00:00:03.660305
Source path:... C:\Users\User\Documents\EXO\cas_pratique\py-traducteur_mika\web_traducteur\src\vue\traducteur_app.py
Starting var:.. self = <vue.traducteur_app.TraducteurApp object at 0x0000018F2429E740>
Starting var:.. option = 'fr >> en'
13:04:00.058295 call       122     def add_form(self, option):
13:04:00.060293 line       130         st.subheader(option)
13:04:00.061295 line       131         atraduire = st.text_input("Texte à traduire")
New var:....... atraduire = 'trump évite les balles  en costard'
13:04:00.063294 line       133         if st.button("Traduire"):
13:04:00.064295 return     133         if st.button("Traduire"):
Return value:.. None
Elapsed time: 00:00:00.006998
Starting var:.. self = <vue.traducteur_app.TraducteurApp object at 0x0000018F434E5990>
Starting var:.. option = 'fr >> en'
13:04:02.712838 call       122     def add_form(self, option):
13:04:02.713837 line       130         st.subheader(option)
13:04:02.714838 line       131         atraduire = st.text_input("Texte à traduire")
New var:....... atraduire = 'trump évite les balles  en costard'
13:04:02.715839 line       133         if st.button("Traduire"):
13:04:02.717840 line       135                 "atraduire": atraduire,
13:04:02.717840 line       136                 "version": option,
13:04:02.718838 line       137                 "utilisateur":st.session_state["logged_in"]
13:04:02.718838 line       134             data = {
New var:....... data = {'atraduire': 'trump évite les balles  en costard', 'version': 'fr >> en', 'utilisateur': 1}
13:04:02.718838 line       140             response = requests.post(self.URL_TRADUCTEUR, json=data)
New var:....... response = <Response [200]>
13:04:06.232667 line       142             if response.status_code == 200:
13:04:06.233200 line       143                 st.success("Voici votre traduction !")
13:04:06.234263 line       144                 response_data = response.json()
New var:....... response_data = {'atraduire': 'trump évite les balles  en costar...suit'}], 'version': 'fr >> en', 'utilisateur': 1}
13:04:06.234788 line       145                 reponse = response_data['traduction']
New var:....... reponse = 'tromp avoids bullets in suit'
13:04:06.235841 line       146                 message(reponse)
13:04:06.236899 return     146                 message(reponse)
Return value:.. None
Elapsed time: 00:00:03.525117
Starting var:.. self = <vue.traducteur_app.TraducteurApp object at 0x0000018F2425C2B0>
Starting var:.. option = 'fr >> en'
13:04:34.987604 call       122     def add_form(self, option):
13:04:34.989603 line       130         st.subheader(option)
13:04:34.989603 line       131         atraduire = st.text_input("Texte à traduire")
New var:....... atraduire = 'trump évite les balles  en costard en mangeant de pomme'
13:04:34.991604 line       133         if st.button("Traduire"):
13:04:34.993121 return     133         if st.button("Traduire"):
Return value:.. None
Elapsed time: 00:00:00.006524
Starting var:.. self = <vue.traducteur_app.TraducteurApp object at 0x0000018F434E58D0>
Starting var:.. option = 'fr >> en'
13:04:35.090065 call       122     def add_form(self, option):
13:04:35.091572 line       130         st.subheader(option)
13:04:35.092579 line       131         atraduire = st.text_input("Texte à traduire")
New var:....... atraduire = 'trump évite les balles  en costard en mangeant de pomme'
13:04:35.105917 line       133         if st.button("Traduire"):
13:04:35.108058 line       135                 "atraduire": atraduire,
13:04:35.108319 line       136                 "version": option,
13:04:35.108828 line       137                 "utilisateur":st.session_state["logged_in"]
13:04:35.109361 line       134             data = {
New var:....... data = {'atraduire': 'trump évite les balles  en costar... pomme', 'version': 'fr >> en', 'utilisateur': 1}
13:04:35.109943 line       140             response = requests.post(self.URL_TRADUCTEUR, json=data)
New var:....... response = <Response [200]>
13:04:39.034042 line       142             if response.status_code == 200:
13:04:39.034571 line       143                 st.success("Voici votre traduction !")
13:04:39.035638 line       144                 response_data = response.json()
New var:....... response_data = {'atraduire': 'trump évite les balles  en costar...pple'}], 'version': 'fr >> en', 'utilisateur': 1}
13:04:39.036165 line       145                 reponse = response_data['traduction']
New var:....... reponse = 'tromp avoids the bullets in suit by eating apple'
13:04:39.036694 line       146                 message(reponse)
13:04:39.038293 return     146                 message(reponse)
Return value:.. None
Elapsed time: 00:00:03.949274
